{"/Users/veeravp/Projects/parser/src/errorHandler.js":{"path":"/Users/veeravp/Projects/parser/src/errorHandler.js","s":{"1":1,"2":1,"3":0,"4":0,"5":1,"6":1,"7":1},"b":{},"f":{"1":0},"fnMap":{"1":{"name":"(anonymous_1)","line":2,"loc":{"start":{"line":2,"column":13},"end":{"line":2,"column":33}}}},"statementMap":{"1":{"start":{"line":1,"column":0},"end":{"line":1,"column":37}},"2":{"start":{"line":2,"column":0},"end":{"line":5,"column":1}},"3":{"start":{"line":3,"column":2},"end":{"line":3,"column":52}},"4":{"start":{"line":4,"column":2},"end":{"line":4,"column":17}},"5":{"start":{"line":7,"column":0},"end":{"line":7,"column":38}},"6":{"start":{"line":9,"column":0},"end":{"line":9,"column":32}},"7":{"start":{"line":10,"column":0},"end":{"line":10,"column":28}}},"branchMap":{}},"/Users/veeravp/Projects/parser/src/parserLib.js":{"path":"/Users/veeravp/Projects/parser/src/parserLib.js","s":{"1":1,"2":20,"3":1,"4":2,"5":1,"6":14,"7":14,"8":14,"9":1,"10":7,"11":7,"12":7,"13":1,"14":7,"15":7,"16":7,"17":7,"18":1,"19":7,"20":1,"21":0,"22":0,"23":1,"24":1,"25":1,"26":1,"27":1,"28":1,"29":1},"b":{"1":[14,0],"2":[14,14],"3":[7,0],"4":[7,7],"5":[0,0],"6":[0,0]},"f":{"1":20,"2":2,"3":14,"4":7,"5":7,"6":7,"7":0},"fnMap":{"1":{"name":"(anonymous_1)","line":1,"loc":{"start":{"line":1,"column":15},"end":{"line":1,"column":33}}},"2":{"name":"(anonymous_2)","line":5,"loc":{"start":{"line":5,"column":16},"end":{"line":5,"column":34}}},"3":{"name":"(anonymous_3)","line":9,"loc":{"start":{"line":9,"column":30},"end":{"line":9,"column":53}}},"4":{"name":"(anonymous_4)","line":15,"loc":{"start":{"line":15,"column":28},"end":{"line":15,"column":51}}},"5":{"name":"(anonymous_5)","line":21,"loc":{"start":{"line":21,"column":33},"end":{"line":21,"column":56}}},"6":{"name":"(anonymous_6)","line":28,"loc":{"start":{"line":28,"column":30},"end":{"line":28,"column":48}}},"7":{"name":"(anonymous_7)","line":32,"loc":{"start":{"line":32,"column":35},"end":{"line":32,"column":53}}}},"statementMap":{"1":{"start":{"line":1,"column":0},"end":{"line":3,"column":1}},"2":{"start":{"line":2,"column":2},"end":{"line":2,"column":36}},"3":{"start":{"line":5,"column":0},"end":{"line":7,"column":1}},"4":{"start":{"line":6,"column":2},"end":{"line":6,"column":37}},"5":{"start":{"line":9,"column":0},"end":{"line":13,"column":1}},"6":{"start":{"line":10,"column":2},"end":{"line":10,"column":49}},"7":{"start":{"line":11,"column":2},"end":{"line":11,"column":106}},"8":{"start":{"line":12,"column":2},"end":{"line":12,"column":16}},"9":{"start":{"line":15,"column":0},"end":{"line":19,"column":1}},"10":{"start":{"line":16,"column":2},"end":{"line":16,"column":49}},"11":{"start":{"line":17,"column":2},"end":{"line":17,"column":58}},"12":{"start":{"line":18,"column":2},"end":{"line":18,"column":16}},"13":{"start":{"line":21,"column":0},"end":{"line":26,"column":1}},"14":{"start":{"line":22,"column":2},"end":{"line":22,"column":20}},"15":{"start":{"line":23,"column":2},"end":{"line":23,"column":58}},"16":{"start":{"line":24,"column":2},"end":{"line":24,"column":53}},"17":{"start":{"line":25,"column":2},"end":{"line":25,"column":19}},"18":{"start":{"line":28,"column":0},"end":{"line":30,"column":1}},"19":{"start":{"line":29,"column":2},"end":{"line":29,"column":47}},"20":{"start":{"line":32,"column":0},"end":{"line":36,"column":1}},"21":{"start":{"line":33,"column":2},"end":{"line":33,"column":54}},"22":{"start":{"line":35,"column":2},"end":{"line":35,"column":39}},"23":{"start":{"line":38,"column":0},"end":{"line":38,"column":52}},"24":{"start":{"line":39,"column":0},"end":{"line":39,"column":62}},"25":{"start":{"line":40,"column":0},"end":{"line":40,"column":56}},"26":{"start":{"line":41,"column":0},"end":{"line":41,"column":66}},"27":{"start":{"line":42,"column":0},"end":{"line":42,"column":56}},"28":{"start":{"line":43,"column":0},"end":{"line":43,"column":26}},"29":{"start":{"line":44,"column":0},"end":{"line":44,"column":28}}},"branchMap":{"1":{"line":11,"type":"cond-expr","locations":[{"start":{"line":11,"column":66},"end":{"line":11,"column":99}},{"start":{"line":11,"column":100},"end":{"line":11,"column":105}}]},"2":{"line":11,"type":"binary-expr","locations":[{"start":{"line":11,"column":16},"end":{"line":11,"column":42}},{"start":{"line":11,"column":44},"end":{"line":11,"column":64}}]},"3":{"line":17,"type":"cond-expr","locations":[{"start":{"line":17,"column":42},"end":{"line":17,"column":51}},{"start":{"line":17,"column":52},"end":{"line":17,"column":57}}]},"4":{"line":29,"type":"binary-expr","locations":[{"start":{"line":29,"column":9},"end":{"line":29,"column":40}},{"start":{"line":29,"column":42},"end":{"line":29,"column":46}}]},"5":{"line":33,"type":"binary-expr","locations":[{"start":{"line":33,"column":16},"end":{"line":33,"column":45}},{"start":{"line":33,"column":48},"end":{"line":33,"column":53}}]},"6":{"line":35,"type":"binary-expr","locations":[{"start":{"line":35,"column":9},"end":{"line":35,"column":17}},{"start":{"line":35,"column":21},"end":{"line":35,"column":38}}]}}}}