{"/Users/veeravp/Projects/parser/src/parser.js":{"path":"/Users/veeravp/Projects/parser/src/parser.js","s":{"1":1,"2":1,"3":1,"4":18,"5":18,"6":18,"7":18,"8":18,"9":18,"10":1,"11":1,"12":2,"13":1,"14":20,"15":20,"16":1,"17":10,"18":1,"19":15,"20":15,"21":1,"22":11,"23":1,"24":12,"25":1,"26":3,"27":1,"28":10,"29":10,"30":0,"31":0,"32":0,"33":10,"34":0,"35":0,"36":0,"37":10,"38":1,"39":1,"40":1,"41":0,"42":0,"43":0,"44":1,"45":10,"46":10,"47":10,"48":1,"49":10,"50":10,"51":0,"52":1,"53":17,"54":10,"55":7,"56":17,"57":1,"58":12,"59":12,"60":7,"61":7,"62":7,"63":5,"64":1,"65":4,"66":2,"67":2,"68":1,"69":2,"70":1,"71":2,"72":2,"73":1,"74":2,"75":1,"76":2,"77":1,"78":1,"79":1,"80":1,"81":1,"82":7,"83":7,"84":7,"85":1,"86":9,"87":9,"88":17,"89":9,"90":1,"91":1,"92":1,"93":9,"94":9,"95":1,"96":50,"97":1,"98":1},"b":{"1":[1,19],"2":[12,12],"3":[3,3],"4":[0,10],"5":[0,10],"6":[0,1],"7":[0,10],"8":[10,7],"9":[7,5],"10":[7,7,0],"11":[0,0],"12":[1,4],"13":[2,2],"14":[1,1],"15":[1,1]},"f":{"1":18,"2":2,"3":20,"4":10,"5":15,"6":11,"7":12,"8":3,"9":10,"10":1,"11":10,"12":10,"13":17,"14":12,"15":2,"16":1,"17":7,"18":9,"19":1,"20":9,"21":50},"fnMap":{"1":{"name":"(anonymous_1)","line":3,"loc":{"start":{"line":3,"column":13},"end":{"line":3,"column":25}}},"2":{"name":"(anonymous_2)","line":18,"loc":{"start":{"line":18,"column":22},"end":{"line":18,"column":43}}},"3":{"name":"(anonymous_3)","line":21,"loc":{"start":{"line":21,"column":22},"end":{"line":21,"column":37}}},"4":{"name":"(anonymous_4)","line":25,"loc":{"start":{"line":25,"column":27},"end":{"line":25,"column":52}}},"5":{"name":"(anonymous_5)","line":29,"loc":{"start":{"line":29,"column":25},"end":{"line":29,"column":62}}},"6":{"name":"(anonymous_6)","line":33,"loc":{"start":{"line":33,"column":26},"end":{"line":33,"column":45}}},"7":{"name":"(anonymous_7)","line":37,"loc":{"start":{"line":37,"column":24},"end":{"line":37,"column":42}}},"8":{"name":"(anonymous_8)","line":41,"loc":{"start":{"line":41,"column":25},"end":{"line":41,"column":44}}},"9":{"name":"(anonymous_9)","line":46,"loc":{"start":{"line":46,"column":33},"end":{"line":46,"column":57}}},"10":{"name":"(anonymous_10)","line":60,"loc":{"start":{"line":60,"column":26},"end":{"line":60,"column":45}}},"11":{"name":"(anonymous_11)","line":69,"loc":{"start":{"line":69,"column":26},"end":{"line":69,"column":50}}},"12":{"name":"(anonymous_12)","line":75,"loc":{"start":{"line":75,"column":34},"end":{"line":75,"column":46}}},"13":{"name":"(anonymous_13)","line":80,"loc":{"start":{"line":80,"column":25},"end":{"line":80,"column":58}}},"14":{"name":"(anonymous_14)","line":89,"loc":{"start":{"line":89,"column":23},"end":{"line":89,"column":56}}},"15":{"name":"(anonymous_15)","line":103,"loc":{"start":{"line":103,"column":46},"end":{"line":103,"column":61}}},"16":{"name":"(anonymous_16)","line":120,"loc":{"start":{"line":120,"column":26},"end":{"line":120,"column":45}}},"17":{"name":"(anonymous_17)","line":126,"loc":{"start":{"line":126,"column":31},"end":{"line":126,"column":64}}},"18":{"name":"(anonymous_18)","line":132,"loc":{"start":{"line":132,"column":16},"end":{"line":132,"column":42}}},"19":{"name":"(anonymous_19)","line":141,"loc":{"start":{"line":141,"column":30},"end":{"line":141,"column":42}}},"20":{"name":"(anonymous_20)","line":145,"loc":{"start":{"line":145,"column":28},"end":{"line":145,"column":55}}},"21":{"name":"(anonymous_21)","line":150,"loc":{"start":{"line":150,"column":27},"end":{"line":150,"column":39}}}},"statementMap":{"1":{"start":{"line":1,"column":0},"end":{"line":1,"column":47}},"2":{"start":{"line":2,"column":0},"end":{"line":2,"column":41}},"3":{"start":{"line":3,"column":0},"end":{"line":15,"column":1}},"4":{"start":{"line":4,"column":2},"end":{"line":4,"column":23}},"5":{"start":{"line":5,"column":2},"end":{"line":5,"column":24}},"6":{"start":{"line":6,"column":2},"end":{"line":6,"column":19}},"7":{"start":{"line":7,"column":2},"end":{"line":12,"column":4}},"8":{"start":{"line":13,"column":2},"end":{"line":13,"column":27}},"9":{"start":{"line":14,"column":2},"end":{"line":14,"column":17}},"10":{"start":{"line":16,"column":0},"end":{"line":16,"column":15}},"11":{"start":{"line":18,"column":0},"end":{"line":20,"column":1}},"12":{"start":{"line":19,"column":2},"end":{"line":19,"column":27}},"13":{"start":{"line":21,"column":0},"end":{"line":24,"column":1}},"14":{"start":{"line":22,"column":2},"end":{"line":22,"column":74}},"15":{"start":{"line":23,"column":2},"end":{"line":23,"column":18}},"16":{"start":{"line":25,"column":0},"end":{"line":27,"column":2}},"17":{"start":{"line":26,"column":2},"end":{"line":26,"column":56}},"18":{"start":{"line":29,"column":0},"end":{"line":32,"column":2}},"19":{"start":{"line":30,"column":2},"end":{"line":30,"column":46}},"20":{"start":{"line":31,"column":2},"end":{"line":31,"column":47}},"21":{"start":{"line":33,"column":0},"end":{"line":35,"column":2}},"22":{"start":{"line":34,"column":2},"end":{"line":34,"column":48}},"23":{"start":{"line":37,"column":0},"end":{"line":39,"column":1}},"24":{"start":{"line":38,"column":2},"end":{"line":38,"column":85}},"25":{"start":{"line":41,"column":0},"end":{"line":44,"column":1}},"26":{"start":{"line":42,"column":2},"end":{"line":43,"column":34}},"27":{"start":{"line":46,"column":0},"end":{"line":58,"column":1}},"28":{"start":{"line":47,"column":2},"end":{"line":47,"column":15}},"29":{"start":{"line":48,"column":3},"end":{"line":56,"column":4}},"30":{"start":{"line":49,"column":5},"end":{"line":49,"column":23}},"31":{"start":{"line":50,"column":5},"end":{"line":50,"column":43}},"32":{"start":{"line":51,"column":5},"end":{"line":51,"column":36}},"33":{"start":{"line":52,"column":9},"end":{"line":56,"column":4}},"34":{"start":{"line":53,"column":5},"end":{"line":53,"column":22}},"35":{"start":{"line":54,"column":5},"end":{"line":54,"column":56}},"36":{"start":{"line":55,"column":5},"end":{"line":55,"column":36}},"37":{"start":{"line":57,"column":3},"end":{"line":57,"column":15}},"38":{"start":{"line":60,"column":0},"end":{"line":67,"column":1}},"39":{"start":{"line":61,"column":2},"end":{"line":61,"column":14}},"40":{"start":{"line":62,"column":2},"end":{"line":66,"column":3}},"41":{"start":{"line":63,"column":4},"end":{"line":63,"column":23}},"42":{"start":{"line":64,"column":4},"end":{"line":64,"column":45}},"43":{"start":{"line":65,"column":4},"end":{"line":65,"column":35}},"44":{"start":{"line":69,"column":0},"end":{"line":73,"column":1}},"45":{"start":{"line":70,"column":2},"end":{"line":70,"column":43}},"46":{"start":{"line":71,"column":2},"end":{"line":71,"column":61}},"47":{"start":{"line":72,"column":2},"end":{"line":72,"column":33}},"48":{"start":{"line":75,"column":0},"end":{"line":79,"column":1}},"49":{"start":{"line":76,"column":2},"end":{"line":76,"column":64}},"50":{"start":{"line":77,"column":2},"end":{"line":78,"column":104}},"51":{"start":{"line":78,"column":4},"end":{"line":78,"column":104}},"52":{"start":{"line":80,"column":0},"end":{"line":87,"column":1}},"53":{"start":{"line":81,"column":2},"end":{"line":85,"column":3}},"54":{"start":{"line":82,"column":4},"end":{"line":82,"column":45}},"55":{"start":{"line":84,"column":4},"end":{"line":84,"column":53}},"56":{"start":{"line":86,"column":2},"end":{"line":86,"column":14}},"57":{"start":{"line":89,"column":0},"end":{"line":118,"column":1}},"58":{"start":{"line":90,"column":2},"end":{"line":90,"column":22}},"59":{"start":{"line":91,"column":2},"end":{"line":117,"column":3}},"60":{"start":{"line":92,"column":4},"end":{"line":92,"column":62}},"61":{"start":{"line":93,"column":4},"end":{"line":93,"column":165}},"62":{"start":{"line":94,"column":4},"end":{"line":94,"column":64}},"63":{"start":{"line":96,"column":8},"end":{"line":117,"column":3}},"64":{"start":{"line":97,"column":4},"end":{"line":97,"column":33}},"65":{"start":{"line":99,"column":8},"end":{"line":117,"column":3}},"66":{"start":{"line":100,"column":4},"end":{"line":100,"column":67}},"67":{"start":{"line":102,"column":4},"end":{"line":113,"column":4}},"68":{"start":{"line":103,"column":6},"end":{"line":105,"column":9}},"69":{"start":{"line":104,"column":8},"end":{"line":104,"column":23}},"70":{"start":{"line":106,"column":4},"end":{"line":110,"column":6}},"71":{"start":{"line":107,"column":5},"end":{"line":107,"column":43}},"72":{"start":{"line":108,"column":5},"end":{"line":109,"column":21}},"73":{"start":{"line":112,"column":5},"end":{"line":112,"column":82}},"74":{"start":{"line":115,"column":4},"end":{"line":115,"column":110}},"75":{"start":{"line":115,"column":62},"end":{"line":115,"column":110}},"76":{"start":{"line":116,"column":4},"end":{"line":116,"column":58}},"77":{"start":{"line":120,"column":0},"end":{"line":124,"column":1}},"78":{"start":{"line":121,"column":2},"end":{"line":121,"column":32}},"79":{"start":{"line":122,"column":2},"end":{"line":122,"column":51}},"80":{"start":{"line":123,"column":2},"end":{"line":123,"column":14}},"81":{"start":{"line":126,"column":0},"end":{"line":130,"column":1}},"82":{"start":{"line":127,"column":2},"end":{"line":127,"column":33}},"83":{"start":{"line":128,"column":2},"end":{"line":128,"column":61}},"84":{"start":{"line":129,"column":2},"end":{"line":129,"column":26}},"85":{"start":{"line":132,"column":0},"end":{"line":139,"column":1}},"86":{"start":{"line":133,"column":2},"end":{"line":133,"column":47}},"87":{"start":{"line":134,"column":2},"end":{"line":137,"column":3}},"88":{"start":{"line":135,"column":4},"end":{"line":136,"column":22}},"89":{"start":{"line":138,"column":2},"end":{"line":138,"column":35}},"90":{"start":{"line":141,"column":0},"end":{"line":143,"column":1}},"91":{"start":{"line":142,"column":2},"end":{"line":142,"column":26}},"92":{"start":{"line":145,"column":0},"end":{"line":148,"column":2}},"93":{"start":{"line":146,"column":2},"end":{"line":146,"column":31}},"94":{"start":{"line":147,"column":2},"end":{"line":147,"column":14}},"95":{"start":{"line":150,"column":0},"end":{"line":152,"column":1}},"96":{"start":{"line":151,"column":2},"end":{"line":151,"column":30}},"97":{"start":{"line":154,"column":0},"end":{"line":154,"column":25}},"98":{"start":{"line":155,"column":0},"end":{"line":155,"column":22}}},"branchMap":{"1":{"line":22,"type":"cond-expr","locations":[{"start":{"line":22,"column":51},"end":{"line":22,"column":69}},{"start":{"line":22,"column":70},"end":{"line":22,"column":73}}]},"2":{"line":38,"type":"binary-expr","locations":[{"start":{"line":38,"column":9},"end":{"line":38,"column":35}},{"start":{"line":38,"column":37},"end":{"line":38,"column":84}}]},"3":{"line":42,"type":"binary-expr","locations":[{"start":{"line":42,"column":9},"end":{"line":42,"column":37}},{"start":{"line":42,"column":39},"end":{"line":43,"column":33}}]},"4":{"line":48,"type":"if","locations":[{"start":{"line":48,"column":3},"end":{"line":48,"column":3}},{"start":{"line":48,"column":3},"end":{"line":48,"column":3}}]},"5":{"line":52,"type":"if","locations":[{"start":{"line":52,"column":9},"end":{"line":52,"column":9}},{"start":{"line":52,"column":9},"end":{"line":52,"column":9}}]},"6":{"line":62,"type":"if","locations":[{"start":{"line":62,"column":2},"end":{"line":62,"column":2}},{"start":{"line":62,"column":2},"end":{"line":62,"column":2}}]},"7":{"line":77,"type":"if","locations":[{"start":{"line":77,"column":2},"end":{"line":77,"column":2}},{"start":{"line":77,"column":2},"end":{"line":77,"column":2}}]},"8":{"line":81,"type":"if","locations":[{"start":{"line":81,"column":2},"end":{"line":81,"column":2}},{"start":{"line":81,"column":2},"end":{"line":81,"column":2}}]},"9":{"line":91,"type":"if","locations":[{"start":{"line":91,"column":2},"end":{"line":91,"column":2}},{"start":{"line":91,"column":2},"end":{"line":91,"column":2}}]},"10":{"line":93,"type":"binary-expr","locations":[{"start":{"line":93,"column":22},"end":{"line":93,"column":39}},{"start":{"line":93,"column":43},"end":{"line":93,"column":69}},{"start":{"line":93,"column":74},"end":{"line":93,"column":163}}]},"11":{"line":93,"type":"binary-expr","locations":[{"start":{"line":93,"column":112},"end":{"line":93,"column":121}},{"start":{"line":93,"column":124},"end":{"line":93,"column":163}}]},"12":{"line":96,"type":"if","locations":[{"start":{"line":96,"column":8},"end":{"line":96,"column":8}},{"start":{"line":96,"column":8},"end":{"line":96,"column":8}}]},"13":{"line":99,"type":"if","locations":[{"start":{"line":99,"column":8},"end":{"line":99,"column":8}},{"start":{"line":99,"column":8},"end":{"line":99,"column":8}}]},"14":{"line":102,"type":"if","locations":[{"start":{"line":102,"column":4},"end":{"line":102,"column":4}},{"start":{"line":102,"column":4},"end":{"line":102,"column":4}}]},"15":{"line":115,"type":"if","locations":[{"start":{"line":115,"column":4},"end":{"line":115,"column":4}},{"start":{"line":115,"column":4},"end":{"line":115,"column":4}}]}}},"/Users/veeravp/Projects/parser/src/errorHandler.js":{"path":"/Users/veeravp/Projects/parser/src/errorHandler.js","s":{"1":1,"2":1,"3":0,"4":0,"5":1,"6":1,"7":1},"b":{},"f":{"1":0},"fnMap":{"1":{"name":"(anonymous_1)","line":2,"loc":{"start":{"line":2,"column":13},"end":{"line":2,"column":33}}}},"statementMap":{"1":{"start":{"line":1,"column":0},"end":{"line":1,"column":37}},"2":{"start":{"line":2,"column":0},"end":{"line":5,"column":1}},"3":{"start":{"line":3,"column":2},"end":{"line":3,"column":52}},"4":{"start":{"line":4,"column":2},"end":{"line":4,"column":17}},"5":{"start":{"line":7,"column":0},"end":{"line":7,"column":38}},"6":{"start":{"line":9,"column":0},"end":{"line":9,"column":32}},"7":{"start":{"line":10,"column":0},"end":{"line":10,"column":28}}},"branchMap":{}},"/Users/veeravp/Projects/parser/src/parserLib.js":{"path":"/Users/veeravp/Projects/parser/src/parserLib.js","s":{"1":1,"2":31,"3":1,"4":10,"5":1,"6":24,"7":24,"8":24,"9":1,"10":18,"11":18,"12":18,"13":1,"14":8,"15":8,"16":8,"17":8,"18":1,"19":14,"20":1,"21":6,"22":6,"23":1,"24":1,"25":1,"26":1,"27":1,"28":1,"29":1},"b":{"1":[17,7],"2":[24,17],"3":[17,1],"4":[14,8],"5":[6,0],"6":[6,6]},"f":{"1":31,"2":10,"3":24,"4":18,"5":8,"6":14,"7":6},"fnMap":{"1":{"name":"(anonymous_1)","line":1,"loc":{"start":{"line":1,"column":15},"end":{"line":1,"column":33}}},"2":{"name":"(anonymous_2)","line":5,"loc":{"start":{"line":5,"column":16},"end":{"line":5,"column":34}}},"3":{"name":"(anonymous_3)","line":9,"loc":{"start":{"line":9,"column":30},"end":{"line":9,"column":53}}},"4":{"name":"(anonymous_4)","line":15,"loc":{"start":{"line":15,"column":28},"end":{"line":15,"column":51}}},"5":{"name":"(anonymous_5)","line":21,"loc":{"start":{"line":21,"column":33},"end":{"line":21,"column":56}}},"6":{"name":"(anonymous_6)","line":28,"loc":{"start":{"line":28,"column":30},"end":{"line":28,"column":48}}},"7":{"name":"(anonymous_7)","line":32,"loc":{"start":{"line":32,"column":35},"end":{"line":32,"column":53}}}},"statementMap":{"1":{"start":{"line":1,"column":0},"end":{"line":3,"column":1}},"2":{"start":{"line":2,"column":2},"end":{"line":2,"column":36}},"3":{"start":{"line":5,"column":0},"end":{"line":7,"column":1}},"4":{"start":{"line":6,"column":2},"end":{"line":6,"column":37}},"5":{"start":{"line":9,"column":0},"end":{"line":13,"column":1}},"6":{"start":{"line":10,"column":2},"end":{"line":10,"column":49}},"7":{"start":{"line":11,"column":2},"end":{"line":11,"column":106}},"8":{"start":{"line":12,"column":2},"end":{"line":12,"column":16}},"9":{"start":{"line":15,"column":0},"end":{"line":19,"column":1}},"10":{"start":{"line":16,"column":2},"end":{"line":16,"column":49}},"11":{"start":{"line":17,"column":2},"end":{"line":17,"column":58}},"12":{"start":{"line":18,"column":2},"end":{"line":18,"column":16}},"13":{"start":{"line":21,"column":0},"end":{"line":26,"column":1}},"14":{"start":{"line":22,"column":2},"end":{"line":22,"column":20}},"15":{"start":{"line":23,"column":2},"end":{"line":23,"column":58}},"16":{"start":{"line":24,"column":2},"end":{"line":24,"column":53}},"17":{"start":{"line":25,"column":2},"end":{"line":25,"column":19}},"18":{"start":{"line":28,"column":0},"end":{"line":30,"column":1}},"19":{"start":{"line":29,"column":2},"end":{"line":29,"column":47}},"20":{"start":{"line":32,"column":0},"end":{"line":36,"column":1}},"21":{"start":{"line":33,"column":2},"end":{"line":33,"column":54}},"22":{"start":{"line":35,"column":2},"end":{"line":35,"column":39}},"23":{"start":{"line":38,"column":0},"end":{"line":38,"column":52}},"24":{"start":{"line":39,"column":0},"end":{"line":39,"column":62}},"25":{"start":{"line":40,"column":0},"end":{"line":40,"column":56}},"26":{"start":{"line":41,"column":0},"end":{"line":41,"column":66}},"27":{"start":{"line":42,"column":0},"end":{"line":42,"column":56}},"28":{"start":{"line":43,"column":0},"end":{"line":43,"column":26}},"29":{"start":{"line":44,"column":0},"end":{"line":44,"column":28}}},"branchMap":{"1":{"line":11,"type":"cond-expr","locations":[{"start":{"line":11,"column":66},"end":{"line":11,"column":99}},{"start":{"line":11,"column":100},"end":{"line":11,"column":105}}]},"2":{"line":11,"type":"binary-expr","locations":[{"start":{"line":11,"column":16},"end":{"line":11,"column":42}},{"start":{"line":11,"column":44},"end":{"line":11,"column":64}}]},"3":{"line":17,"type":"cond-expr","locations":[{"start":{"line":17,"column":42},"end":{"line":17,"column":51}},{"start":{"line":17,"column":52},"end":{"line":17,"column":57}}]},"4":{"line":29,"type":"binary-expr","locations":[{"start":{"line":29,"column":9},"end":{"line":29,"column":40}},{"start":{"line":29,"column":42},"end":{"line":29,"column":46}}]},"5":{"line":33,"type":"binary-expr","locations":[{"start":{"line":33,"column":16},"end":{"line":33,"column":45}},{"start":{"line":33,"column":48},"end":{"line":33,"column":53}}]},"6":{"line":35,"type":"binary-expr","locations":[{"start":{"line":35,"column":9},"end":{"line":35,"column":17}},{"start":{"line":35,"column":21},"end":{"line":35,"column":38}}]}}}}