TN:
SF:/Users/veeravp/Projects/parser/src/parser.js
FN:3,(anonymous_1)
FN:18,(anonymous_2)
FN:21,(anonymous_3)
FN:25,(anonymous_4)
FN:29,(anonymous_5)
FN:33,(anonymous_6)
FN:37,(anonymous_7)
FN:41,(anonymous_8)
FN:46,(anonymous_9)
FN:60,(anonymous_10)
FN:69,(anonymous_11)
FN:75,(anonymous_12)
FN:80,(anonymous_13)
FN:89,(anonymous_14)
FN:103,(anonymous_15)
FN:120,(anonymous_16)
FN:126,(anonymous_17)
FN:132,(anonymous_18)
FN:141,(anonymous_19)
FN:145,(anonymous_20)
FN:150,(anonymous_21)
FNF:21
FNH:21
FNDA:18,(anonymous_1)
FNDA:2,(anonymous_2)
FNDA:20,(anonymous_3)
FNDA:10,(anonymous_4)
FNDA:15,(anonymous_5)
FNDA:11,(anonymous_6)
FNDA:12,(anonymous_7)
FNDA:3,(anonymous_8)
FNDA:10,(anonymous_9)
FNDA:1,(anonymous_10)
FNDA:10,(anonymous_11)
FNDA:10,(anonymous_12)
FNDA:17,(anonymous_13)
FNDA:12,(anonymous_14)
FNDA:2,(anonymous_15)
FNDA:1,(anonymous_16)
FNDA:7,(anonymous_17)
FNDA:9,(anonymous_18)
FNDA:1,(anonymous_19)
FNDA:9,(anonymous_20)
FNDA:50,(anonymous_21)
DA:1,1
DA:2,1
DA:3,1
DA:4,18
DA:5,18
DA:6,18
DA:7,18
DA:13,18
DA:14,18
DA:16,1
DA:18,1
DA:19,2
DA:21,1
DA:22,20
DA:23,20
DA:25,1
DA:26,10
DA:29,1
DA:30,15
DA:31,15
DA:33,1
DA:34,11
DA:37,1
DA:38,12
DA:41,1
DA:42,3
DA:46,1
DA:47,10
DA:48,10
DA:49,0
DA:50,0
DA:51,0
DA:52,10
DA:53,0
DA:54,0
DA:55,0
DA:57,10
DA:60,1
DA:61,1
DA:62,1
DA:63,0
DA:64,0
DA:65,0
DA:69,1
DA:70,10
DA:71,10
DA:72,10
DA:75,1
DA:76,10
DA:77,10
DA:78,0
DA:80,1
DA:81,17
DA:82,10
DA:84,7
DA:86,17
DA:89,1
DA:90,12
DA:91,12
DA:92,7
DA:93,7
DA:94,7
DA:96,5
DA:97,1
DA:99,4
DA:100,2
DA:102,2
DA:103,1
DA:104,2
DA:106,1
DA:107,2
DA:108,2
DA:112,1
DA:115,2
DA:116,2
DA:120,1
DA:121,1
DA:122,1
DA:123,1
DA:126,1
DA:127,7
DA:128,7
DA:129,7
DA:132,1
DA:133,9
DA:134,9
DA:135,17
DA:138,9
DA:141,1
DA:142,1
DA:145,1
DA:146,9
DA:147,9
DA:150,1
DA:151,50
DA:154,1
DA:155,1
LF:97
LH:87
BRDA:22,1,0,1
BRDA:22,1,1,19
BRDA:38,2,0,12
BRDA:38,2,1,12
BRDA:42,3,0,3
BRDA:42,3,1,3
BRDA:48,4,0,0
BRDA:48,4,1,10
BRDA:52,5,0,0
BRDA:52,5,1,10
BRDA:62,6,0,0
BRDA:62,6,1,1
BRDA:77,7,0,0
BRDA:77,7,1,10
BRDA:81,8,0,10
BRDA:81,8,1,7
BRDA:91,9,0,7
BRDA:91,9,1,5
BRDA:93,10,0,7
BRDA:93,10,1,7
BRDA:93,10,2,0
BRDA:93,11,0,0
BRDA:93,11,1,0
BRDA:96,12,0,1
BRDA:96,12,1,4
BRDA:99,13,0,2
BRDA:99,13,1,2
BRDA:102,14,0,1
BRDA:102,14,1,1
BRDA:115,15,0,1
BRDA:115,15,1,1
BRF:31
BRH:24
end_of_record
TN:
SF:/Users/veeravp/Projects/parser/src/errorHandler.js
FN:2,(anonymous_1)
FNF:1
FNH:0
FNDA:0,(anonymous_1)
DA:1,1
DA:2,1
DA:3,0
DA:4,0
DA:7,1
DA:9,1
DA:10,1
LF:7
LH:5
BRF:0
BRH:0
end_of_record
TN:
SF:/Users/veeravp/Projects/parser/src/parserLib.js
FN:1,(anonymous_1)
FN:5,(anonymous_2)
FN:9,(anonymous_3)
FN:15,(anonymous_4)
FN:21,(anonymous_5)
FN:28,(anonymous_6)
FN:32,(anonymous_7)
FNF:7
FNH:7
FNDA:31,(anonymous_1)
FNDA:10,(anonymous_2)
FNDA:24,(anonymous_3)
FNDA:18,(anonymous_4)
FNDA:8,(anonymous_5)
FNDA:14,(anonymous_6)
FNDA:6,(anonymous_7)
DA:1,1
DA:2,31
DA:5,1
DA:6,10
DA:9,1
DA:10,24
DA:11,24
DA:12,24
DA:15,1
DA:16,18
DA:17,18
DA:18,18
DA:21,1
DA:22,8
DA:23,8
DA:24,8
DA:25,8
DA:28,1
DA:29,14
DA:32,1
DA:33,6
DA:35,6
DA:38,1
DA:39,1
DA:40,1
DA:41,1
DA:42,1
DA:43,1
DA:44,1
LF:29
LH:29
BRDA:11,1,0,17
BRDA:11,1,1,7
BRDA:11,2,0,24
BRDA:11,2,1,17
BRDA:17,3,0,17
BRDA:17,3,1,1
BRDA:29,4,0,14
BRDA:29,4,1,8
BRDA:33,5,0,6
BRDA:33,5,1,0
BRDA:35,6,0,6
BRDA:35,6,1,6
BRF:12
BRH:11
end_of_record
