TN:
SF:/Users/veeravp/Projects/parser/src/errorHandler.js
FN:2,(anonymous_1)
FNF:1
FNH:0
FNDA:0,(anonymous_1)
DA:1,1
DA:2,1
DA:3,0
DA:4,0
DA:7,1
DA:9,1
DA:10,1
LF:7
LH:5
BRF:0
BRH:0
end_of_record
TN:
SF:/Users/veeravp/Projects/parser/src/parserLib.js
FN:1,(anonymous_1)
FN:5,(anonymous_2)
FN:9,(anonymous_3)
FN:15,(anonymous_4)
FN:21,(anonymous_5)
FN:28,(anonymous_6)
FN:32,(anonymous_7)
FNF:7
FNH:6
FNDA:20,(anonymous_1)
FNDA:2,(anonymous_2)
FNDA:14,(anonymous_3)
FNDA:7,(anonymous_4)
FNDA:7,(anonymous_5)
FNDA:7,(anonymous_6)
FNDA:0,(anonymous_7)
DA:1,1
DA:2,20
DA:5,1
DA:6,2
DA:9,1
DA:10,14
DA:11,14
DA:12,14
DA:15,1
DA:16,7
DA:17,7
DA:18,7
DA:21,1
DA:22,7
DA:23,7
DA:24,7
DA:25,7
DA:28,1
DA:29,7
DA:32,1
DA:33,0
DA:35,0
DA:38,1
DA:39,1
DA:40,1
DA:41,1
DA:42,1
DA:43,1
DA:44,1
LF:29
LH:27
BRDA:11,1,0,14
BRDA:11,1,1,0
BRDA:11,2,0,14
BRDA:11,2,1,14
BRDA:17,3,0,7
BRDA:17,3,1,0
BRDA:29,4,0,7
BRDA:29,4,1,7
BRDA:33,5,0,0
BRDA:33,5,1,0
BRDA:35,6,0,0
BRDA:35,6,1,0
BRF:12
BRH:6
end_of_record
